f:\plotxy\plotxy\x64\release\plotitembase.obj
f:\plotxy\plotxy\x64\release\addplotpair.obj
f:\plotxy\plotxy\x64\release\toolbox.obj
f:\plotxy\plotxy\x64\release\main.obj
f:\plotxy\plotxy\x64\release\toolpage.obj
f:\plotxy\plotxy\x64\release\subsettingwidgetcontainer.obj
f:\plotxy\plotxy\x64\release\advanceddatamanager.obj
f:\plotxy\plotxy\x64\release\datamanager.obj
f:\plotxy\plotxy\x64\release\plotmanager.obj
f:\plotxy\plotxy\x64\release\freewidgetwraper.obj
f:\plotxy\plotxy\x64\release\plotxydemo.obj
f:\plotxy\plotxy\x64\release\plotbar.obj
f:\plotxy\plotxy\x64\release\moc_freewidgetwraper.obj
f:\plotxy\plotxy\x64\release\moc_plotxydemo.obj
f:\plotxy\plotxy\x64\release\moc_plotitembase.obj
f:\plotxy\plotxy\x64\release\moc_plotmanager.obj
f:\plotxy\plotxy\x64\release\qrc_toolbar.obj
f:\plotxy\plotxy\x64\release\moc_addplotpair.obj
f:\plotxy\plotxy\x64\release\moc_toolbox.obj
f:\plotxy\plotxy\x64\release\moc_advanceddatamanager.obj
f:\plotxy\plotxy\x64\release\moc_toolpage.obj
f:\plotxy\plotxy\x64\release\moc_subsettingwidgetcontainer.obj
f:\plotxy\plotxy\generatedfiles\release\moc_plotxydemo.cpp
f:\plotxy\plotxy\generatedfiles\release\moc_plotmanager.cpp
f:\plotxy\plotxy\generatedfiles\release\moc_plotitembase.cpp
f:\plotxy\plotxy\generatedfiles\release\moc_freewidgetwraper.cpp
f:\plotxy\plotxy\generatedfiles\release\moc_subsettingwidgetcontainer.cpp
f:\plotxy\plotxy\generatedfiles\release\moc_toolpage.cpp
f:\plotxy\plotxy\generatedfiles\release\moc_toolbox.cpp
f:\plotxy\plotxy\generatedfiles\release\moc_addplotpair.cpp
f:\plotxy\plotxy\generatedfiles\release\moc_advanceddatamanager.cpp
f:\plotxy\plotxy\generatedfiles\release\ui_addplotpair.h
f:\plotxy\plotxy\generatedfiles\release\ui_advanceddatamanager.h
f:\plotxy\plotxy\generatedfiles\release\ui_colorranges.h
f:\plotxy\plotxy\generatedfiles\release\ui_extrapolation.h
f:\plotxy\plotxy\generatedfiles\release\ui_general.h
f:\plotxy\plotxy\generatedfiles\release\ui_labelsettings.h
f:\plotxy\plotxy\generatedfiles\release\ui_labeltext.h
f:\plotxy\plotxy\generatedfiles\release\ui_plotitembase.h
f:\plotxy\plotxy\generatedfiles\release\ui_plotmanager.h
f:\plotxy\plotxy\generatedfiles\release\ui_plotxydemo.h
f:\plotxy\plotxy\generatedfiles\release\ui_toolbox.h
f:\plotxy\plotxy\generatedfiles\release\ui_toolpage.h
f:\plotxy\plotxy\generatedfiles\release\qrc_toolbar.cpp
f:\plotxy\plotxy\x64\release\plotxydemo.tlog\cl.command.1.tlog
f:\plotxy\plotxy\x64\release\plotxydemo.tlog\cl.read.1.tlog
f:\plotxy\plotxy\x64\release\plotxydemo.tlog\cl.write.1.tlog
f:\plotxy\plotxy\x64\release\plotxydemo.tlog\link-cvtres.read.1.tlog
f:\plotxy\plotxy\x64\release\plotxydemo.tlog\link-cvtres.write.1.tlog
f:\plotxy\plotxy\x64\release\plotxydemo.tlog\link-rc.read.1.tlog
f:\plotxy\plotxy\x64\release\plotxydemo.tlog\link-rc.write.1.tlog
f:\plotxy\plotxy\x64\release\plotxydemo.tlog\link.command.1.tlog
f:\plotxy\plotxy\x64\release\plotxydemo.tlog\link.read.1.tlog
f:\plotxy\plotxy\x64\release\plotxydemo.tlog\link.write.1.tlog
f:\plotxy\plotxy\x64\release\plotxydemo.tlog\moc.read.1u.tlog
f:\plotxy\plotxy\x64\release\plotxydemo.tlog\moc.write.1u.tlog
f:\plotxy\plotxy\x64\release\plotxydemo.tlog\plotxydemo.write.1u.tlog
f:\plotxy\plotxy\x64\release\plotxydemo.tlog\rcc.read.1u.tlog
f:\plotxy\plotxy\x64\release\plotxydemo.tlog\rcc.write.1u.tlog
f:\plotxy\plotxy\x64\release\plotxydemo.tlog\uic.read.1u.tlog
f:\plotxy\plotxy\x64\release\plotxydemo.tlog\uic.write.1u.tlog
